build/outputs/apk/manifest-merger-debug-report.txt
-- Merging decision tree log ---
manifest
ADDED from AndroidManifest.xml:20:1
	xmlns:android
		ADDED from AndroidManifest.xml:21:5
	package
		ADDED from AndroidManifest.xml:22:5
		INJECTED from AndroidManifest.xml:0:0
		INJECTED from AndroidManifest.xml:0:0
	android:versionName
		INJECTED from AndroidManifest.xml:0:0
		INJECTED from AndroidManifest.xml:0:0
	android:versionCode
		INJECTED from AndroidManifest.xml:0:0
		INJECTED from AndroidManifest.xml:0:0
permission#com.android.launcher20.permission.PRELOAD_WORKSPACE
ADDED from AndroidManifest.xml:28:5
	android:protectionLevel
		ADDED from AndroidManifest.xml:31:9
	android:permissionGroup
		ADDED from AndroidManifest.xml:30:9
	android:name
		ADDED from AndroidManifest.xml:29:9
permission#com.android.launcher20.permission.INSTALL_SHORTCUT
ADDED from AndroidManifest.xml:32:5
	android:label
		ADDED from AndroidManifest.xml:36:9
	android:protectionLevel
		ADDED from AndroidManifest.xml:35:9
	android:description
		ADDED from AndroidManifest.xml:37:9
	android:permissionGroup
		ADDED from AndroidManifest.xml:34:9
	android:name
		ADDED from AndroidManifest.xml:33:9
permission#com.android.launcher20.permission.UNINSTALL_SHORTCUT
ADDED from AndroidManifest.xml:38:5
	android:label
		ADDED from AndroidManifest.xml:42:9
	android:protectionLevel
		ADDED from AndroidManifest.xml:41:9
	android:description
		ADDED from AndroidManifest.xml:43:9
	android:permissionGroup
		ADDED from AndroidManifest.xml:40:9
	android:name
		ADDED from AndroidManifest.xml:39:9
permission#com.android.launcher20.permission.READ_SETTINGS
ADDED from AndroidManifest.xml:44:5
	android:label
		ADDED from AndroidManifest.xml:48:9
	android:protectionLevel
		ADDED from AndroidManifest.xml:47:9
	android:description
		ADDED from AndroidManifest.xml:49:9
	android:permissionGroup
		ADDED from AndroidManifest.xml:46:9
	android:name
		ADDED from AndroidManifest.xml:45:9
permission#com.android.launcher20.permission.WRITE_SETTINGS
ADDED from AndroidManifest.xml:50:5
	android:label
		ADDED from AndroidManifest.xml:54:9
	android:protectionLevel
		ADDED from AndroidManifest.xml:53:9
	android:description
		ADDED from AndroidManifest.xml:55:9
	android:permissionGroup
		ADDED from AndroidManifest.xml:52:9
	android:name
		ADDED from AndroidManifest.xml:51:9
uses-permission#android.permission.CALL_PHONE
ADDED from AndroidManifest.xml:57:5
	android:name
		ADDED from AndroidManifest.xml:57:22
uses-permission#android.permission.SET_WALLPAPER
ADDED from AndroidManifest.xml:58:5
	android:name
		ADDED from AndroidManifest.xml:58:22
uses-permission#android.permission.SET_WALLPAPER_HINTS
ADDED from AndroidManifest.xml:59:5
	android:name
		ADDED from AndroidManifest.xml:59:22
uses-permission#android.permission.VIBRATE
ADDED from AndroidManifest.xml:60:5
	android:name
		ADDED from AndroidManifest.xml:60:22
uses-permission#android.permission.GET_ACCOUNTS
ADDED from AndroidManifest.xml:62:5
	android:name
		ADDED from AndroidManifest.xml:62:22
uses-permission#com.android.launcher20.permission.READ_SETTINGS
ADDED from AndroidManifest.xml:63:5
	android:name
		ADDED from AndroidManifest.xml:63:22
uses-permission#com.android.launcher20.permission.WRITE_SETTINGS
ADDED from AndroidManifest.xml:64:5
	android:name
		ADDED from AndroidManifest.xml:64:22
uses-permission#android.permission.INTERNET
ADDED from AndroidManifest.xml:65:5
	android:name
		ADDED from AndroidManifest.xml:65:22
uses-permission#android.permission.WRITE_EXTERNAL_STORAGE
ADDED from AndroidManifest.xml:66:5
	android:name
		ADDED from AndroidManifest.xml:66:22
uses-permission#android.permission.SYSTEM_ALERT_WINDOW
ADDED from AndroidManifest.xml:67:5
	android:name
		ADDED from AndroidManifest.xml:67:22
uses-permission#android.permission.ACCESS_COARSE_LOCATION
ADDED from AndroidManifest.xml:68:5
	android:name
		ADDED from AndroidManifest.xml:68:22
uses-permission#android.permission.ACCESS_NETWORK_STATE
ADDED from AndroidManifest.xml:69:5
	android:name
		ADDED from AndroidManifest.xml:69:22
uses-permission#android.permission.ACCESS_FINE_LOCATION
ADDED from AndroidManifest.xml:70:5
	android:name
		ADDED from AndroidManifest.xml:70:22
uses-permission#android.permission.READ_PHONE_STATE
ADDED from AndroidManifest.xml:71:5
	android:name
		ADDED from AndroidManifest.xml:71:22
uses-permission#android.permission.CHANGE_WIFI_STATE
ADDED from AndroidManifest.xml:72:5
	android:name
		ADDED from AndroidManifest.xml:72:22
uses-permission#android.permission.ACCESS_WIFI_STATE
ADDED from AndroidManifest.xml:73:5
	android:name
		ADDED from AndroidManifest.xml:73:22
uses-permission#android.permission.CHANGE_CONFIGURATION
ADDED from AndroidManifest.xml:74:5
	android:name
		ADDED from AndroidManifest.xml:74:22
uses-permission#android.permission.WRITE_SETTINGS
ADDED from AndroidManifest.xml:75:5
	android:name
		ADDED from AndroidManifest.xml:75:22
uses-permission#android.permission.WAKE_LOCK
ADDED from AndroidManifest.xml:76:5
	android:name
		ADDED from AndroidManifest.xml:76:22
uses-permission#android.permission.receive_boot_completed
ADDED from AndroidManifest.xml:77:5
	android:name
		ADDED from AndroidManifest.xml:77:22
application
ADDED from AndroidManifest.xml:78:5
	android:supportsRtl
		ADDED from AndroidManifest.xml:85:9
	android:label
		ADDED from AndroidManifest.xml:80:9
	android:icon
		ADDED from AndroidManifest.xml:81:9
	android:hardwareAccelerated
		ADDED from AndroidManifest.xml:82:9
	android:largeHeap
		ADDED from AndroidManifest.xml:83:9
	android:name
		ADDED from AndroidManifest.xml:79:9
meta-data#com.amap.api.v2.apikey
ADDED from AndroidManifest.xml:86:9
	android:name
		ADDED from AndroidManifest.xml:87:13
	android:value
		ADDED from AndroidManifest.xml:88:13
activity#com.android.launcher20.Launcher
ADDED from AndroidManifest.xml:89:9
	android:windowSoftInputMode
		ADDED from AndroidManifest.xml:95:13
	android:screenOrientation
		ADDED from AndroidManifest.xml:96:13
	android:theme
		ADDED from AndroidManifest.xml:94:13
	android:stateNotNeeded
		ADDED from AndroidManifest.xml:93:13
	android:clearTaskOnLaunch
		ADDED from AndroidManifest.xml:92:13
	android:name
		ADDED from AndroidManifest.xml:90:13
	android:launchMode
		ADDED from AndroidManifest.xml:91:13
intent-filter#android.intent.action.MAIN+android.intent.category.DEFAULT+android.intent.category.HOME+android.intent.category.LAUNCHER+android.intent.category.MONKEY
ADDED from AndroidManifest.xml:97:13
action#android.intent.action.MAIN
ADDED from AndroidManifest.xml:98:17
	android:name
		ADDED from AndroidManifest.xml:98:25
category#android.intent.category.LAUNCHER
ADDED from AndroidManifest.xml:99:17
	android:name
		ADDED from AndroidManifest.xml:99:27
category#android.intent.category.HOME
ADDED from AndroidManifest.xml:100:17
	android:name
		ADDED from AndroidManifest.xml:100:27
category#android.intent.category.DEFAULT
ADDED from AndroidManifest.xml:101:17
	android:name
		ADDED from AndroidManifest.xml:101:27
category#android.intent.category.MONKEY
ADDED from AndroidManifest.xml:102:17
	android:name
		ADDED from AndroidManifest.xml:102:27
activity#com.android.launcher20.WallpaperChooser
ADDED from AndroidManifest.xml:106:9
	android:label
		ADDED from AndroidManifest.xml:109:13
	android:icon
		ADDED from AndroidManifest.xml:110:13
	android:theme
		ADDED from AndroidManifest.xml:108:13
	android:process
		ADDED from AndroidManifest.xml:112:13
	android:finishOnCloseSystemDialogs
		ADDED from AndroidManifest.xml:111:13
	android:name
		ADDED from AndroidManifest.xml:107:13
intent-filter#android.intent.action.SET_WALLPAPER+android.intent.category.DEFAULT
ADDED from AndroidManifest.xml:113:13
action#android.intent.action.SET_WALLPAPER
ADDED from AndroidManifest.xml:114:17
	android:name
		ADDED from AndroidManifest.xml:114:25
meta-data#android.wallpaper.preview
ADDED from AndroidManifest.xml:117:13
	android:resource
		ADDED from AndroidManifest.xml:118:17
	android:name
		ADDED from AndroidManifest.xml:117:24
activity#com.android.launcher20.activity.SearchPage
ADDED from AndroidManifest.xml:120:9
	android:label
		ADDED from AndroidManifest.xml:121:13
	android:name
		ADDED from AndroidManifest.xml:120:19
receiver#com.android.launcher20.PreloadReceiver
ADDED from AndroidManifest.xml:128:9
	android:permission
		ADDED from AndroidManifest.xml:130:13
	android:name
		ADDED from AndroidManifest.xml:129:13
intent-filter#com.android.launcher.action.PRELOAD_WORKSPACE
ADDED from AndroidManifest.xml:131:13
action#com.android.launcher.action.PRELOAD_WORKSPACE
ADDED from AndroidManifest.xml:132:17
	android:name
		ADDED from AndroidManifest.xml:132:25
receiver#com.android.launcher20.InstallShortcutReceiver
ADDED from AndroidManifest.xml:137:9
	android:permission
		ADDED from AndroidManifest.xml:139:13
	android:name
		ADDED from AndroidManifest.xml:138:13
intent-filter#com.android.launcher.action.INSTALL_SHORTCUT
ADDED from AndroidManifest.xml:140:13
action#com.android.launcher.action.INSTALL_SHORTCUT
ADDED from AndroidManifest.xml:141:17
	android:name
		ADDED from AndroidManifest.xml:141:25
receiver#com.android.launcher20.UninstallShortcutReceiver
ADDED from AndroidManifest.xml:146:9
	android:permission
		ADDED from AndroidManifest.xml:148:13
	android:name
		ADDED from AndroidManifest.xml:147:13
intent-filter#com.android.launcher.action.UNINSTALL_SHORTCUT
ADDED from AndroidManifest.xml:149:13
action#com.android.launcher.action.UNINSTALL_SHORTCUT
ADDED from AndroidManifest.xml:150:17
	android:name
		ADDED from AndroidManifest.xml:150:25
receiver#com.android.launcher20.UserInitializeReceiver
ADDED from AndroidManifest.xml:155:9
	android:exported
		ADDED from AndroidManifest.xml:157:13
	android:name
		ADDED from AndroidManifest.xml:156:13
intent-filter#android.intent.action.USER_INITIALIZE
ADDED from AndroidManifest.xml:158:13
action#android.intent.action.USER_INITIALIZE
ADDED from AndroidManifest.xml:159:17
	android:name
		ADDED from AndroidManifest.xml:159:25
receiver#com.android.launcher20.PackageChangedReceiver
ADDED from AndroidManifest.xml:163:9
	android:name
		ADDED from AndroidManifest.xml:163:19
intent-filter#android.intent.action.PACKAGE_CHANGED+android.intent.action.PACKAGE_REMOVED+android.intent.action.PACKAGE_REPLACED
ADDED from AndroidManifest.xml:164:13
action#android.intent.action.PACKAGE_CHANGED
ADDED from AndroidManifest.xml:165:17
	android:name
		ADDED from AndroidManifest.xml:165:25
action#android.intent.action.PACKAGE_REPLACED
ADDED from AndroidManifest.xml:166:17
	android:name
		ADDED from AndroidManifest.xml:166:25
action#android.intent.action.PACKAGE_REMOVED
ADDED from AndroidManifest.xml:167:17
	android:name
		ADDED from AndroidManifest.xml:167:25
data
ADDED from AndroidManifest.xml:168:17
	android:scheme
		ADDED from AndroidManifest.xml:168:23
service#com.android.launcher20.FloatView.FloatService
ADDED from AndroidManifest.xml:171:9
	android:exported
		ADDED from AndroidManifest.xml:173:13
	android:enabled
		ADDED from AndroidManifest.xml:172:13
	android:name
		ADDED from AndroidManifest.xml:171:18
provider#com.android.launcher20.LauncherProvider
ADDED from AndroidManifest.xml:176:9
	android:exported
		ADDED from AndroidManifest.xml:179:13
	android:authorities
		ADDED from AndroidManifest.xml:178:13
	android:readPermission
		ADDED from AndroidManifest.xml:181:13
	android:name
		ADDED from AndroidManifest.xml:177:13
	android:writePermission
		ADDED from AndroidManifest.xml:180:13
meta-data#android.nfc.disable_beam_default
ADDED from AndroidManifest.xml:183:9
	android:name
		ADDED from AndroidManifest.xml:183:20
	android:value
		ADDED from AndroidManifest.xml:184:24
uses-sdk
INJECTED from AndroidManifest.xml:0:0 reason: use-sdk injection requested
	android:targetSdkVersion
		INJECTED from AndroidManifest.xml:0:0
		INJECTED from AndroidManifest.xml:0:0
	android:minSdkVersion
		INJECTED from AndroidManifest.xml:0:0
		INJECTED from AndroidManifest.xml:0:0